
> hermes-web@0.1.0 dev
> next dev

  ▲ Next.js 14.2.0
  - Local:        http://localhost:3000

 ✓ Starting...
 ✓ Ready in 1901ms
 ○ Compiling / ...
 ✓ Compiled / in 2.4s (793 modules)
 ⨯ components/Chat/ChatInput.tsx (128:26) @ Check
 ⨯ ReferenceError: Check is not defined
    at eval (./components/Chat/ChatInput.tsx:163:184)
    at Array.map (<anonymous>)
    at ChatInput (./components/Chat/ChatInput.tsx:151:75)
digest: "3768144344"
[0m [90m 126 |[39m                       {permission[33m.[39mname}[0m
[0m [90m 127 |[39m                       {selectedPermission[33m.[39mid [33m===[39m permission[33m.[39mid [33m&&[39m ([0m
[0m[31m[1m>[22m[39m[90m 128 |[39m                         [33m<[39m[33mCheck[39m className[33m=[39m[32m"h-4 w-4 ml-auto"[39m [33m/[39m[33m>[39m[0m
[0m [90m     |[39m                          [31m[1m^[22m[39m[0m
[0m [90m 129 |[39m                       )}[0m
[0m [90m 130 |[39m                     [33m<[39m[33m/[39m[33mDropdownMenuItem[39m[33m>[39m[0m
[0m [90m 131 |[39m                   ))}[0m
 GET / 500 in 2570ms
 ✓ Compiled in 165ms (402 modules)
 ⨯ components/Chat/ChatInput.tsx (128:26) @ Check
 ⨯ ReferenceError: Check is not defined
    at eval (./components/Chat/ChatInput.tsx:163:184)
    at Array.map (<anonymous>)
    at ChatInput (./components/Chat/ChatInput.tsx:151:75)
digest: "3768144344"
[0m [90m 126 |[39m                       {permission[33m.[39mname}[0m
[0m [90m 127 |[39m                       {selectedPermission[33m.[39mid [33m===[39m permission[33m.[39mid [33m&&[39m ([0m
[0m[31m[1m>[22m[39m[90m 128 |[39m                         [33m<[39m[33mCheck[39m className[33m=[39m[32m"h-4 w-4 ml-auto"[39m [33m/[39m[33m>[39m[0m
[0m [90m     |[39m                          [31m[1m^[22m[39m[0m
[0m [90m 129 |[39m                       )}[0m
[0m [90m 130 |[39m                     [33m<[39m[33m/[39m[33mDropdownMenuItem[39m[33m>[39m[0m
[0m [90m 131 |[39m                   ))}[0m
 GET / 500 in 40ms
[?25h
